[15:01:40] Bootstrap started: Wed 25 Mar 15:01:40 CET 2026, USER=patryk, DIR=/home/patryk/dual-tech-2026
[15:01:40] OS: Raspbian GNU/Linux 12 (bookworm), ID=raspbian, CODENAME=bookworm
[15:01:40] [OK] OS: Raspbian GNU/Linux 12 (bookworm)
[15:01:40] [OK] Architecture: aarch64
[15:01:40] [OK] System Python: /usr/bin/python3 (3.11)
[15:01:40] === STEP 1/10: System update ===
Hit:1 http://archive.raspberrypi.com/debian bookworm InRelease
Hit:2 http://raspbian.raspberrypi.com/raspbian bookworm InRelease
Hit:3 https://download.docker.com/linux/raspbian bookworm InRelease
Get:4 https://pkgs.tailscale.com/stable/raspbian bookworm InRelease
Fetched 6,584 B in 1s (7,102 B/s)
Reading package lists...
W: http://raspbian.raspberrypi.com/raspbian/dists/bookworm/InRelease: Key is stored in legacy trusted.gpg keyring (/etc/apt/trusted.gpg), see the DEPRECATION section in apt-key(8) for details.
Reading package lists...
Building dependency tree...
Reading state information...
Calculating upgrade...
0 upgraded, 0 newly installed, 0 to remove and 0 not upgraded.
[15:01:43] [OK] System updated
[15:01:43] === STEP 2/10: System packages ===
Reading package lists...
Building dependency tree...
Reading state information...
python3-venv is already the newest version (3.11.2-1).
python3-pip is already the newest version (23.0.1+dfsg-1+rpt1).
python3-dev is already the newest version (3.11.2-1).
python3-full is already the newest version (3.11.2-1).
build-essential is already the newest version (12.9).
git is already the newest version (1:2.39.5-0+deb12u3).
curl is already the newest version (7.88.1-10+rpi1+deb12u14).
wget is already the newest version (1.21.3-1+deb12u1).
bc is already the newest version (1.07.1-3).
swig is already the newest version (4.1.0-0.2).
python-is-python3 is already the newest version (3.11.2-1+deb12u1).
0 upgraded, 0 newly installed, 0 to remove and 0 not upgraded.
Reading package lists...
Building dependency tree...
Reading state information...
libcap-dev is already the newest version (1:2.66-4+deb12u2).
libjpeg-dev is already the newest version (1:2.1.5-2).
libopenjp2-7-dev is already the newest version (2.5.0-2+deb12u2).
libzbar0 is already the newest version (0.23.92-7+deb12u1).
libzbar-dev is already the newest version (0.23.92-7+deb12u1).
libssl-dev is already the newest version (3.0.19-1~deb12u1+rpt1).
libffi-dev is already the newest version (3.4.4-1).
0 upgraded, 0 newly installed, 0 to remove and 0 not upgraded.
Reading package lists...
Building dependency tree...
Reading state information...
libopenblas0-pthread is already the newest version (0.3.21+ds-4+rpi1).
0 upgraded, 0 newly installed, 0 to remove and 0 not upgraded.
Reading package lists...
Building dependency tree...
Reading state information...
libatlas-base-dev is already the newest version (3.10.3-13+rpi1).
0 upgraded, 0 newly installed, 0 to remove and 0 not upgraded.
Reading package lists...
Building dependency tree...
Reading state information...
i2c-tools is already the newest version (4.3-2+b2).
v4l-utils is already the newest version (1.22.1-5).
ffmpeg is already the newest version (8:5.1.8-0+deb12u1+rpt1).
usbutils is already the newest version (1:014-1+deb12u1).
0 upgraded, 0 newly installed, 0 to remove and 0 not upgraded.
Reading package lists...
Building dependency tree...
Reading state information...
python3-lgpio is already the newest version (0.2.2-1~rpt1).
python3-gpiozero is already the newest version (2.0.1-0+rpt1).
0 upgraded, 0 newly installed, 0 to remove and 0 not upgraded.
Reading package lists...
Building dependency tree...
Reading state information...
gpiod is already the newest version (1.6.3-1+rpi1+b2).
libgpiod-dev is already the newest version (1.6.3-1+rpi1+b2).
python3-libgpiod is already the newest version (1.6.3-1+rpi1+b2).
0 upgraded, 0 newly installed, 0 to remove and 0 not upgraded.
Reading package lists...
Building dependency tree...
Reading state information...
pigpio is already the newest version (1.79-1+rpt1).
python3-pigpio is already the newest version (1.79-1+rpt1).
0 upgraded, 0 newly installed, 0 to remove and 0 not upgraded.
Reading package lists...
Building dependency tree...
Reading state information...
python3-libcamera is already the newest version (0.5.2+rpt20250903-1~bpo12+1).
python3-kms++ is already the newest version (0~git20250807.1813ada-1~bookworm).
libcamera-dev is already the newest version (0.5.2+rpt20250903-1~bpo12+1).
0 upgraded, 0 newly installed, 0 to remove and 0 not upgraded.
Reading package lists...
Building dependency tree...
Reading state information...
python3-picamera2 is already the newest version (0.3.31-1).
0 upgraded, 0 newly installed, 0 to remove and 0 not upgraded.
Reading package lists...
Building dependency tree...
Reading state information...
python3-prctl is already the newest version (1.8.1-1+b1).
0 upgraded, 0 newly installed, 0 to remove and 0 not upgraded.
Reading package lists...
Building dependency tree...
Reading state information...
python3-opencv is already the newest version (4.6.0+dfsg-12+rpi1).
0 upgraded, 0 newly installed, 0 to remove and 0 not upgraded.
[15:01:54] [OK] System packages installed
[15:01:54] === STEP 3/10: Hardware interfaces ===
[15:01:54] [OK] i2c-dev module loaded
[15:01:54] === STEP 4/10: udev rules ===
[15:01:54] [OK] udev rules installed at /etc/udev/rules.d/99-dualtech.rules
[15:01:54] === STEP 5/10: User groups ===
[15:01:54] [OK] patryk -> group gpio
[15:01:54] [OK] patryk -> group video
[15:01:54] [OK] patryk -> group i2c
[15:01:55] [OK] patryk -> group dialout
[15:01:55] [OK] patryk -> group spi
[15:01:55] [OK] patryk -> group tty
[15:01:55] [OK] patryk -> group docker
[15:01:55] === STEP 6/10: Performance governor ===
[15:01:55] [OK] CPU governor set to 'performance'
[15:01:55] [OK] Performance governor persisted via cron
[15:01:55] === STEP 7/10: pigpiod daemon ===
[15:01:55] [OK] pigpiod enabled and started
[15:01:55] === STEP 8/10: Docker Engine ===
[15:01:55] [OK] Docker already installed: Docker version 28.5.2, build ecc6942
[15:01:56] [OK] Docker ready
[15:01:56] === STEP 9/10: Python virtual environment ===
[15:01:56] [WARN] Removing existing venv...
[15:02:01] [OK] venv created: Python 3.11.2
[15:02:07] [OK] Symlink: libcamera
[15:02:07] [WARN] Symlink: libcamera .so — not found
[15:02:07] [OK] Symlink: lgpio.py
[15:02:07] [OK] Symlink: lgpio .so
[15:02:07] [WARN] Symlink: kms (pykms) — not found
[15:02:07] [OK] Symlink: pykms
[15:02:07] [OK] Symlink: prctl
[15:02:07] [OK] Symlink: prctl .so
[15:02:07] [OK] Symlink: gpiozero
[15:02:07] [OK] Symlink: colorzero
[15:02:07] [WARN] Symlink: cv2 — not found
[15:02:07] [OK] Symlink: gpiod
[15:02:07] [OK] Symlink: pigpio
WARNING: Error parsing dependencies of send2trash: Expected matching RIGHT_PARENTHESIS for LEFT_PARENTHESIS, after version specifier
    sys-platform (=="darwin") ; extra == 'objc'
                 ~^
WARNING: Error parsing dependencies of send2trash: Expected matching RIGHT_PARENTHESIS for LEFT_PARENTHESIS, after version specifier
    sys-platform (=="darwin") ; extra == 'objc'
                 ~^
WARNING: Error parsing dependencies of send2trash: Expected matching RIGHT_PARENTHESIS for LEFT_PARENTHESIS, after version specifier
    sys-platform (=="darwin") ; extra == 'objc'
                 ~^
WARNING: Error parsing dependencies of send2trash: Expected matching RIGHT_PARENTHESIS for LEFT_PARENTHESIS, after version specifier
    sys-platform (=="darwin") ; extra == 'objc'
                 ~^
WARNING: Error parsing dependencies of send2trash: Expected matching RIGHT_PARENTHESIS for LEFT_PARENTHESIS, after version specifier
    sys-platform (=="darwin") ; extra == 'objc'
                 ~^
WARNING: Error parsing dependencies of send2trash: Expected matching RIGHT_PARENTHESIS for LEFT_PARENTHESIS, after version specifier
    sys-platform (=="darwin") ; extra == 'objc'
                 ~^
WARNING: Error parsing dependencies of send2trash: Expected matching RIGHT_PARENTHESIS for LEFT_PARENTHESIS, after version specifier
    sys-platform (=="darwin") ; extra == 'objc'
                 ~^
WARNING: Error parsing dependencies of send2trash: Expected matching RIGHT_PARENTHESIS for LEFT_PARENTHESIS, after version specifier
    sys-platform (=="darwin") ; extra == 'objc'
                 ~^
WARNING: Error parsing dependencies of send2trash: Expected matching RIGHT_PARENTHESIS for LEFT_PARENTHESIS, after version specifier
    sys-platform (=="darwin") ; extra == 'objc'
                 ~^
WARNING: Error parsing dependencies of send2trash: Expected matching RIGHT_PARENTHESIS for LEFT_PARENTHESIS, after version specifier
    sys-platform (=="darwin") ; extra == 'objc'
                 ~^
WARNING: Error parsing dependencies of send2trash: Expected matching RIGHT_PARENTHESIS for LEFT_PARENTHESIS, after version specifier
    sys-platform (=="darwin") ; extra == 'objc'
                 ~^
[15:02:31] [OK] Python dependencies installed
[15:02:31] === STEP 10/10: Log rotation and verification ===
[15:02:31] [OK] logrotate config installed at /etc/logrotate.d/dualtech
[15:02:32] [OK] numpy -> 1.24.2
[15:02:32] [OK] cv2 -> 4.10.0
[15:02:32] [OK] yaml -> 6.0.3
[15:02:32] [OK] lgpio -> OK
[15:02:32] [OK] gpiozero -> OK
[15:02:32] [OK] serial -> 3.5
[15:02:32] [OK] pynmea2 -> OK
[15:02:32] [OK] pyzbar -> OK
[15:02:32] [OK] pymavlink -> OK
[15:02:32] [OK] dronekit -> OK
[15:02:33] [OK] click -> 8.1.3
[15:02:33] [OK] websockets -> 16.0
[15:02:33] [WARN] ultralytics: not installed on host (Docker-first setup)
[15:02:33] [OK] I2C: /dev/i2c-1 /dev/i2c-11 /dev/i2c-13 /dev/i2c-14 /dev/i2c-4 
[15:02:33] [OK] UART: /dev/ttyAMA0 /dev/ttyAMA10 
[15:02:33] [OK] Video: /dev/video0 /dev/video1 /dev/video19 
[15:02:33] [OK] GPIO: /dev/gpiochip0
[15:02:33] [WARN] pigpiod: not running
[15:02:33] [OK] Docker: Docker version 28.5.2, build ecc6942
[15:02:33] [WARN] No models/best.pt — required before mission!
